<?xml version="1.0" encoding="UTF-8"?>
<testng-results ignored="0" total="1" passed="1" failed="0" skipped="0">
  <reporter-output>
  </reporter-output>
  <suite started-at="2019-08-17T02:07:39Z" name="Default suite" finished-at="2019-08-17T02:07:41Z" duration-ms="1728">
    <groups>
      <group name="cucumber">
        <method signature="AbstractTestNGCucumberTests.runScenario(cucumber.api.testng.PickleEventWrapper, cucumber.api.testng.CucumberFeatureWrapper)[pri:0, instance:com.app.carrental.runners.CukesRunner@7748410a]" name="runScenario" class="cucumber.api.testng.AbstractTestNGCucumberTests"/>
      </group> <!-- cucumber -->
    </groups>
    <test started-at="2019-08-17T02:07:39Z" name="Default test" finished-at="2019-08-17T02:07:41Z" duration-ms="1728">
      <class name="com.app.carrental.runners.CukesRunner">
        <test-method is-config="true" signature="setUpClass()[pri:0, instance:com.app.carrental.runners.CukesRunner@7748410a]" started-at="2019-08-17T02:07:39Z" name="setUpClass" finished-at="2019-08-17T02:07:40Z" duration-ms="94" status="PASS">
          <reporter-output>
          </reporter-output>
        </test-method> <!-- setUpClass -->
        <test-method signature="runScenario(cucumber.api.testng.PickleEventWrapper, cucumber.api.testng.CucumberFeatureWrapper)[pri:0, instance:com.app.carrental.runners.CukesRunner@7748410a]" started-at="2019-08-17T02:07:40Z" name="runScenario" description="Runs Cucumber Scenarios" data-provider="scenarios" finished-at="2019-08-17T02:07:41Z" duration-ms="1561" status="PASS">
          <params>
            <param index="0">
              <value>
                <![CDATA["As a user I want to see same model and color selections in the database"]]>
              </value>
            </param>
            <param index="1">
              <value>
                <![CDATA["As a user I want to see same model and color selections in the database"]]>
              </value>
            </param>
          </params>
          <reporter-output>
          </reporter-output>
        </test-method> <!-- runScenario -->
        <test-method is-config="true" signature="tearDownClass()[pri:0, instance:com.app.carrental.runners.CukesRunner@7748410a]" started-at="2019-08-17T02:07:41Z" name="tearDownClass" finished-at="2019-08-17T02:07:41Z" duration-ms="26" status="PASS">
          <reporter-output>
          </reporter-output>
        </test-method> <!-- tearDownClass -->
      </class> <!-- com.app.carrental.runners.CukesRunner -->
    </test> <!-- Default test -->
  </suite> <!-- Default suite -->
</testng-results>
